Arguments: 
  C:\Program Files\nodejs\node.exe C:\Users\Nil\AppData\Roaming\npm\node_modules\yarn\bin\yarn.js install

PATH: 
  C:\ProgramData\Oracle\Java\javapath;C:\WINDOWS\system32;C:\WINDOWS;C:\WINDOWS\System32\Wbem;C:\WINDOWS\System32\WindowsPowerShell\v1.0\;D:\Epic\Epic Games\4.12\Engine\Binaries\Win64;C:\Program Files\Git\cmd;C:\Program Files\Git\mingw64\bin;C:\Program Files\Git\usr\bin;C:\WINDOWS\system32\config\systemprofile\.dnx\bin;C:\Program Files\Microsoft DNX\Dnvm\;C:\Program Files (x86)\Windows Kits\8.1\Windows Performance Toolkit\;C:\Users\Nil\AppData\Local\Programs\Python\Python36;C:\Users\Nil\AppData\Local\Programs\Python\Python36\Scripts;C:\Program Files (x86)\Xoreax\IncrediBuild;C:\Program Files\nodejs\;D:\NVPACK\gradle-2.9\bin;D:\NVPACK\apache-ant-1.8.2\bin;D:\NVPACK\jdk1.8.0_77\bin;D:\NVPACK\android-ndk-r12b;D:\NVPACK\android-sdk-windows\extras\android\support;D:\NVPACK\android-sdk-windows\build-tools;D:\NVPACK\android-sdk-windows\platform-tools;D:\NVPACK\android-sdk-windows\tools;D:\NVPACK\gradle-2.9\bin;D:\NVPACK\apache-ant-1.8.2\bin;D:\NVPACK\android-ndk-r12b;D:\NVPACK\android-sdk-windows\extras\android\support;D:\NVPACK\android-sdk-windows\build-tools;D:\NVPACK\android-sdk-windows\platform-tools;D:\NVPACK\android-sdk-windows\tools;C:\Program Files (x86)\Microsoft VS Code\bin;C:\Users\Nil\AppData\Local\Microsoft\WindowsApps;C:\Users\Nil\.lein\bin;C:\Users\Nil\AppData\Local\nvs\default;C:\Users\Nil\AppData\Local\nvs\;C:\Users\Nil\AppData\Local\Programs\Python\Python36;C:\Users\Nil\AppData\Local\Programs\Python\Python36\Scripts;C:\Users\Nil\AppData\Roaming\npm

Yarn version: 
  0.27.5

Node version: 
  6.11.0

Platform: 
  win32 x64

npm manifest: 
  {
    "name": "spider-ml",
    "version": "0.1.0",
    "scripts": {
      "clean": "bsb -clean-world",
      "build": "bsb -make-world",
      "watch": "bsb -make-world -w",
      "start": "supervisor -n exit lib/js/src/demo.js",
      "test":"bsc -I src -c  -bs-main src/demo.ml"
    },
    "keywords": [
      "BuckleScript"
    ],
    "license": "MIT",
    "devDependencies": {
      "bs-platform": "^1.8.1"
    },
    "dependencies": {
      "npm-run-all": "^4.0.2",
      "supervisor": "^0.12.0"
    }
  }

yarn manifest: 
  No manifest

Lockfile: 
  No lockfile

Trace: 
  Error: connect ETIMEDOUT 104.16.60.173:443
      at Object.exports._errnoException (util.js:1018:11)
      at exports._exceptionWithHostPort (util.js:1041:20)
      at TCPConnectWrap.afterConnect [as oncomplete] (net.js:1086:14)
